=== PandaWiki 镜像同步日志 ===
开始时间: Thu Nov 27 02:19:08 AM CST 2025

1. 同步 nginx 镜像...
Waiting ... ( copy chaitin-registry.cn-hangzhou.cr.aliyuncs.com/chaitin/panda-wiki-nginx:v3.47.1 (amd64) to lazycat offical registry)
uploading
[?25l[?25h[?25l[?25h[?25l[?25h[?25l[2K194fa24e: [                                                                                                    ] 0%
[2K2b7c13e1: [                                                                                                    ] 0%
[2K2d35ebdb: [                                                                                                    ] 0%
[2K3eaba6cd: [                                                                                                    ] 0%
[2K4432abbb: [                                                                                                    ] 0%
[2K51ab498e: [                                                                                                    ] 0%
[2K59ea27b0: [                                                                                                    ] 0%
[2K8f6a6833: [                                                                                                    ] 0%
[2Kbdabb0d4: [                                                                                                    ] 0%
[2Kd9a55dab: [                                                                                                    ] 0%
[2Kdf413d6e: [                                                                                                    ] 0%
[2Kff8a36d5: [                                                                                                    ] 0%
[?25h[?25l[12A[2K194fa24e: [####################################################################################################] 100%
[2K2b7c13e1: [                                                                                                    ] 0%
[2K2d35ebdb: [                                                                                                    ] 0%
[2K3eaba6cd: [                                                                                                    ] 0%
[2K4432abbb: [                                                                                                    ] 0%
[2K51ab498e: [                                                                                                    ] 0%
[2K59ea27b0: [                                                                                                    ] 0%
[2K8f6a6833: [                                                                                                    ] 0%
[2Kbdabb0d4: [                                                                                                    ] 0%
[2Kd9a55dab: [                                                                                                    ] 0%
[2Kdf413d6e: [                                                                                                    ] 0%
[2Kff8a36d5: [                                                                                                    ] 0%
[?25h[?25l[12A[2K194fa24e: [####################################################################################################] 100%
[2K2b7c13e1: [####################################################################################################] 100%
[2K2d35ebdb: [####################################################################################################] 100%
[2K3eaba6cd: [                                                                                                    ] 0%
[2K4432abbb: [                                                                                                    ] 0%
[2K51ab498e: [                                                                                                    ] 0%
[2K59ea27b0: [                                                                                                    ] 0%
[2K8f6a6833: [                                                                                                    ] 0%
[2Kbdabb0d4: [                                                                                                    ] 0%
[2Kd9a55dab: [                                                                                                    ] 0%
[2Kdf413d6e: [                                                                                                    ] 0%
[2Kff8a36d5: [                                                                                                    ] 0%
[?25h[?25l[12A[2K194fa24e: [####################################################################################################] 100%
[2K2b7c13e1: [####################################################################################################] 100%
[2K2d35ebdb: [####################################################################################################] 100%
[2K3eaba6cd: [####################################################################################################] 100%
[2K4432abbb: [####################################################################################################] 100%
[2K51ab498e: [####################################################################################################] 100%
[2K59ea27b0: [                                                                                                    ] 0%
[2K8f6a6833: [                                                                                                    ] 0%
[2Kbdabb0d4: [                                                                                                    ] 0%
[2Kd9a55dab: [                                                                                                    ] 0%
[2Kdf413d6e: [                                                                                                    ] 0%
[2Kff8a36d5: [                                                                                                    ] 0%
[?25h[?25l[12A[2K194fa24e: [####################################################################################################] 100%
[2K2b7c13e1: [####################################################################################################] 100%
[2K2d35ebdb: [####################################################################################################] 100%
[2K3eaba6cd: [####################################################################################################] 100%
[2K4432abbb: [####################################################################################################] 100%
[2K51ab498e: [####################################################################################################] 100%
[2K59ea27b0: [####################################################################################################] 100%
[2K8f6a6833: [####################################################################################################] 100%
[2Kbdabb0d4: [                                                                                                    ] 0%
[2Kd9a55dab: [                                                                                                    ] 0%
[2Kdf413d6e: [                                                                                                    ] 0%
[2Kff8a36d5: [                                                                                                    ] 0%
[?25h[?25l[12A[2K194fa24e: [####################################################################################################] 100%
[2K2b7c13e1: [####################################################################################################] 100%
[2K2d35ebdb: [####################################################################################################] 100%
[2K3eaba6cd: [####################################################################################################] 100%
[2K4432abbb: [####################################################################################################] 100%
[2K51ab498e: [####################################################################################################] 100%
[2K59ea27b0: [####################################################################################################] 100%
[2K8f6a6833: [####################################################################################################] 100%
[2Kbdabb0d4: [####################################################################################################] 100%
[2Kd9a55dab: [####################################################################################################] 100%
[2Kdf413d6e: [####################################################################################################] 100%
[2Kff8a36d5: [                                                                                                    ] 0%
[?25h[?25l[12A[2K194fa24e: [####################################################################################################] 100%
[2K2b7c13e1: [####################################################################################################] 100%
[2K2d35ebdb: [####################################################################################################] 100%
[2K3eaba6cd: [####################################################################################################] 100%
[2K4432abbb: [####################################################################################################] 100%
[2K51ab498e: [####################################################################################################] 100%
[2K59ea27b0: [####################################################################################################] 100%
[2K8f6a6833: [####################################################################################################] 100%
[2Kbdabb0d4: [####################################################################################################] 100%
[2Kd9a55dab: [####################################################################################################] 100%
[2Kdf413d6e: [####################################################################################################] 100%
[2Kff8a36d5: [####################################################################################################] 100%
[?25h
uploaded:  registry.lazycat.cloud/ety001/chaitin/panda-wiki-nginx:3fca10659856f662

2. 同步 app 镜像...
Waiting ... ( copy chaitin-registry.cn-hangzhou.cr.aliyuncs.com/chaitin/panda-wiki-app:v3.47.1 (amd64) to lazycat offical registry)
uploading
[?25l[?25h[?25l[2K11177492: [####################################################################################################] 100%
[2K2d35ebdb: [                                                                                                    ] 0%
[2K5ff8b913: [                                                                                                    ] 0%
[2K670fe894: [                                                                                                    ] 0%
[2K73a38547: [                                                                                                    ] 0%
[2Kcdc25558: [                                                                                                    ] 0%
[2Ke1acb8d8: [                                                                                                    ] 0%
[2Kf185f87f: [                                                                                                    ] 0%
[2Kfc2cca81: [                                                                                                    ] 0%
[?25h[?25l[9A[2K11177492: [####################################################################################################] 100%
[2K2d35ebdb: [####################################################################################################] 100%
[2K5ff8b913: [####################################################################################################] 100%
[2K670fe894: [####################################################################################################] 100%
[2K73a38547: [                                                                                                    ] 0%
[2Kcdc25558: [                                                                                                    ] 0%
[2Ke1acb8d8: [                                                                                                    ] 0%
[2Kf185f87f: [                                                                                                    ] 0%
[2Kfc2cca81: [                                                                                                    ] 0%
[?25h[?25l[9A[2K11177492: [####################################################################################################] 100%
[2K2d35ebdb: [####################################################################################################] 100%
[2K5ff8b913: [####################################################################################################] 100%
[2K670fe894: [####################################################################################################] 100%
[2K73a38547: [####################################################################################################] 100%
[2Kcdc25558: [####################################################################################################] 100%
[2Ke1acb8d8: [                                                                                                    ] 0%
[2Kf185f87f: [                                                                                                    ] 0%
[2Kfc2cca81: [                                                                                                    ] 0%
[?25h[?25l[9A[2K11177492: [####################################################################################################] 100%
[2K2d35ebdb: [####################################################################################################] 100%
[2K5ff8b913: [####################################################################################################] 100%
[2K670fe894: [####################################################################################################] 100%
[2K73a38547: [####################################################################################################] 100%
[2Kcdc25558: [####################################################################################################] 100%
[2Ke1acb8d8: [####################################################################################################] 100%
[2Kf185f87f: [####################################################################################################] 100%
[2Kfc2cca81: [####################################################################################################] 100%
[?25h[?25l[9A[2K11177492: [####################################################################################################] 100%
[2K2d35ebdb: [####################################################################################################] 100%
[2K5ff8b913: [####################################################################################################] 100%
[2K670fe894: [####################################################################################################] 100%
[2K73a38547: [####################################################################################################] 100%
[2Kcdc25558: [####################################################################################################] 100%
[2Ke1acb8d8: [####################################################################################################] 100%
[2Kf185f87f: [####################################################################################################] 100%
[2Kfc2cca81: [####################################################################################################] 100%
[?25h
uploaded:  registry.lazycat.cloud/ety001/chaitin/panda-wiki-app:dd3fb96b8a24ea95

3. 同步 api 镜像...
Waiting ... ( copy chaitin-registry.cn-hangzhou.cr.aliyuncs.com/chaitin/panda-wiki-api:v3.47.1 (amd64) to lazycat offical registry)
uploading
[?25l[?25h[?25l[2K3662f63f: [####################################################################################################] 100%
[2K525918f3: [                                                                                                    ] 0%
[2K8fb2dc5f: [                                                                                                    ] 0%
[2Kbce08ec0: [                                                                                                    ] 0%
[2Kcde7749c: [                                                                                                    ] 0%
[2Kf637881d: [                                                                                                    ] 0%
[?25h[?25l[6A[2K3662f63f: [####################################################################################################] 100%
[2K525918f3: [####################################################################################################] 100%
[2K8fb2dc5f: [####################################################################################################] 100%
[2Kbce08ec0: [####################################################################################################] 100%
[2Kcde7749c: [                                                                                                    ] 0%
[2Kf637881d: [                                                                                                    ] 0%
[?25h[?25l[6A[2K3662f63f: [####################################################################################################] 100%
[2K525918f3: [####################################################################################################] 100%
[2K8fb2dc5f: [####################################################################################################] 100%
[2Kbce08ec0: [####################################################################################################] 100%
[2Kcde7749c: [####################################################################################################] 100%
[2Kf637881d: [####################################################################################################] 100%
[?25h[?25l[6A[2K3662f63f: [####################################################################################################] 100%
[2K525918f3: [####################################################################################################] 100%
[2K8fb2dc5f: [####################################################################################################] 100%
[2Kbce08ec0: [####################################################################################################] 100%
[2Kcde7749c: [####################################################################################################] 100%
[2Kf637881d: [####################################################################################################] 100%
[?25h
uploaded:  registry.lazycat.cloud/ety001/chaitin/panda-wiki-api:c1fcc56a33b0ffe7

4. 同步 consumer 镜像...
Waiting ... ( copy chaitin-registry.cn-hangzhou.cr.aliyuncs.com/chaitin/panda-wiki-consumer:v3.47.1 (amd64) to lazycat offical registry)
uploading
[?25l[?25h[?25l[2K624fc494: [####################################################################################################] 100%
[2K63b7a0ae: [                                                                                                    ] 0%
[2K78bc7eb2: [                                                                                                    ] 0%
[2Kf637881d: [                                                                                                    ] 0%
[2Kf9a54f39: [                                                                                                    ] 0%
[?25h[?25l[5A[2K624fc494: [####################################################################################################] 100%
[2K63b7a0ae: [####################################################################################################] 100%
[2K78bc7eb2: [####################################################################################################] 100%
[2Kf637881d: [####################################################################################################] 100%
[2Kf9a54f39: [                                                                                                    ] 0%
[?25h[?25l[5A[2K624fc494: [####################################################################################################] 100%
[2K63b7a0ae: [####################################################################################################] 100%
[2K78bc7eb2: [####################################################################################################] 100%
[2Kf637881d: [####################################################################################################] 100%
[2Kf9a54f39: [####################################################################################################] 100%
[?25h
uploaded:  registry.lazycat.cloud/ety001/chaitin/panda-wiki-consumer:4056bbe5e4303fb7

5. 同步 postgres 镜像...
Waiting ... ( copy chaitin-registry.cn-hangzhou.cr.aliyuncs.com/chaitin/panda-wiki-postgres:17.5 (amd64) to lazycat offical registry)
uploading
[?25l[?25h[?25l[2K28708ff4: [####################################################################################################] 100%
[2K2bb588ce: [                                                                                                    ] 0%
[2K3db9b37b: [                                                                                                    ] 0%
[2K410cd7ec: [                                                                                                    ] 0%
[2K475b0e32: [                                                                                                    ] 0%
[2K61320b01: [                                                                                                    ] 0%
[2K6ce13d85: [                                                                                                    ] 0%
[2K7c852ebd: [                                                                                                    ] 0%
[2K7e11eb14: [                                                                                                    ] 0%
[2K82697a79: [                                                                                                    ] 0%
[2K89ba8b61: [                                                                                                    ] 0%
[2Kbd1fa287: [                                                                                                    ] 0%
[2Ke7aba16d: [                                                                                                    ] 0%
[2Ke9a82aed: [                                                                                                    ] 0%
[?25h[?25l[14A[2K28708ff4: [####################################################################################################] 100%
[2K2bb588ce: [####################################################################################################] 100%
[2K3db9b37b: [####################################################################################################] 100%
[2K410cd7ec: [                                                                                                    ] 0%
[2K475b0e32: [                                                                                                    ] 0%
[2K61320b01: [                                                                                                    ] 0%
[2K6ce13d85: [                                                                                                    ] 0%
[2K7c852ebd: [                                                                                                    ] 0%
[2K7e11eb14: [                                                                                                    ] 0%
[2K82697a79: [                                                                                                    ] 0%
[2K89ba8b61: [                                                                                                    ] 0%
[2Kbd1fa287: [                                                                                                    ] 0%
[2Ke7aba16d: [                                                                                                    ] 0%
[2Ke9a82aed: [                                                                                                    ] 0%
[?25h[?25l[14A[2K28708ff4: [####################################################################################################] 100%
[2K2bb588ce: [####################################################################################################] 100%
[2K3db9b37b: [####################################################################################################] 100%
[2K410cd7ec: [####################################################################################################] 100%
[2K475b0e32: [####################################################################################################] 100%
[2K61320b01: [####################################################################################################] 100%
[2K6ce13d85: [                                                                                                    ] 0%
[2K7c852ebd: [                                                                                                    ] 0%
[2K7e11eb14: [                                                                                                    ] 0%
[2K82697a79: [                                                                                                    ] 0%
[2K89ba8b61: [                                                                                                    ] 0%
[2Kbd1fa287: [                                                                                                    ] 0%
[2Ke7aba16d: [                                                                                                    ] 0%
[2Ke9a82aed: [                                                                                                    ] 0%
[?25h[?25l[14A[2K28708ff4: [####################################################################################################] 100%
[2K2bb588ce: [####################################################################################################] 100%
[2K3db9b37b: [####################################################################################################] 100%
[2K410cd7ec: [####################################################################################################] 100%
[2K475b0e32: [####################################################################################################] 100%
[2K61320b01: [####################################################################################################] 100%
[2K6ce13d85: [####################################################################################################] 100%
[2K7c852ebd: [####################################################################################################] 100%
[2K7e11eb14: [                                                                                                    ] 0%
[2K82697a79: [                                                                                                    ] 0%
[2K89ba8b61: [                                                                                                    ] 0%
[2Kbd1fa287: [                                                                                                    ] 0%
[2Ke7aba16d: [                                                                                                    ] 0%
[2Ke9a82aed: [                                                                                                    ] 0%
[?25h[?25l[14A[2K28708ff4: [####################################################################################################] 100%
[2K2bb588ce: [####################################################################################################] 100%
[2K3db9b37b: [####################################################################################################] 100%
[2K410cd7ec: [####################################################################################################] 100%
[2K475b0e32: [####################################################################################################] 100%
[2K61320b01: [####################################################################################################] 100%
[2K6ce13d85: [####################################################################################################] 100%
[2K7c852ebd: [####################################################################################################] 100%
[2K7e11eb14: [####################################################################################################] 100%
[2K82697a79: [####################################################################################################] 100%
[2K89ba8b61: [####################################################################################################] 100%
[2Kbd1fa287: [                                                                                                    ] 0%
[2Ke7aba16d: [                                                                                                    ] 0%
[2Ke9a82aed: [                                                                                                    ] 0%
[?25h[?25l[14A[2K28708ff4: [####################################################################################################] 100%
[2K2bb588ce: [####################################################################################################] 100%
[2K3db9b37b: [####################################################################################################] 100%
[2K410cd7ec: [####################################################################################################] 100%
[2K475b0e32: [####################################################################################################] 100%
[2K61320b01: [####################################################################################################] 100%
[2K6ce13d85: [####################################################################################################] 100%
[2K7c852ebd: [####################################################################################################] 100%
[2K7e11eb14: [####################################################################################################] 100%
[2K82697a79: [####################################################################################################] 100%
[2K89ba8b61: [####################################################################################################] 100%
[2Kbd1fa287: [####################################################################################################] 100%
[2Ke7aba16d: [####################################################################################################] 100%
[2Ke9a82aed: [                                                                                                    ] 0%
[?25h[?25l[14A[2K28708ff4: [####################################################################################################] 100%
[2K2bb588ce: [####################################################################################################] 100%
[2K3db9b37b: [####################################################################################################] 100%
[2K410cd7ec: [####################################################################################################] 100%
[2K475b0e32: [####################################################################################################] 100%
[2K61320b01: [####################################################################################################] 100%
[2K6ce13d85: [####################################################################################################] 100%
[2K7c852ebd: [####################################################################################################] 100%
[2K7e11eb14: [####################################################################################################] 100%
[2K82697a79: [####################################################################################################] 100%
[2K89ba8b61: [####################################################################################################] 100%
[2Kbd1fa287: [####################################################################################################] 100%
[2Ke7aba16d: [####################################################################################################] 100%
[2Ke9a82aed: [####################################################################################################] 100%
[?25h
uploaded:  registry.lazycat.cloud/ety001/chaitin/panda-wiki-postgres:f84a0722c40c47a1

6. 同步 redis 镜像...
Waiting ... ( copy chaitin-registry.cn-hangzhou.cr.aliyuncs.com/chaitin/panda-wiki-redis:7.4.2-alpine (amd64) to lazycat offical registry)
uploading
[?25l[?25h[?25l[2K16cd0457: [####################################################################################################] 100%
[2K4738865c: [                                                                                                    ] 0%
[2K4c7f0522: [                                                                                                    ] 0%
[2K4d03bd35: [                                                                                                    ] 0%
[2K4f4fb700: [                                                                                                    ] 0%
[2K927ba88b: [                                                                                                    ] 0%
[2Kf1823217: [                                                                                                    ] 0%
[2Kfa05f523: [                                                                                                    ] 0%
[?25h[?25l[8A[2K16cd0457: [####################################################################################################] 100%
[2K4738865c: [####################################################################################################] 100%
[2K4c7f0522: [####################################################################################################] 100%
[2K4d03bd35: [####################################################################################################] 100%
[2K4f4fb700: [                                                                                                    ] 0%
[2K927ba88b: [                                                                                                    ] 0%
[2Kf1823217: [                                                                                                    ] 0%
[2Kfa05f523: [                                                                                                    ] 0%
[?25h[?25l[8A[2K16cd0457: [####################################################################################################] 100%
[2K4738865c: [####################################################################################################] 100%
[2K4c7f0522: [####################################################################################################] 100%
[2K4d03bd35: [####################################################################################################] 100%
[2K4f4fb700: [####################################################################################################] 100%
[2K927ba88b: [####################################################################################################] 100%
[2Kf1823217: [                                                                                                    ] 0%
[2Kfa05f523: [                                                                                                    ] 0%
[?25h[?25l[8A[2K16cd0457: [####################################################################################################] 100%
[2K4738865c: [####################################################################################################] 100%
[2K4c7f0522: [####################################################################################################] 100%
[2K4d03bd35: [####################################################################################################] 100%
[2K4f4fb700: [####################################################################################################] 100%
[2K927ba88b: [####################################################################################################] 100%
[2Kf1823217: [####################################################################################################] 100%
[2Kfa05f523: [####################################################################################################] 100%
[?25h
uploaded:  registry.lazycat.cloud/ety001/chaitin/panda-wiki-redis:fa932cd95273266b

7. 同步 minio 镜像...
Waiting ... ( copy chaitin-registry.cn-hangzhou.cr.aliyuncs.com/chaitin/panda-wiki-minio:RELEASE.2025-04-22T22-12-26Z-cpuv1 (amd64) to lazycat offical registry)
uploading
[?25l[?25h[?25l[2K05eb0657: [####################################################################################################] 100%
[2K2b78f0da: [                                                                                                    ] 0%
[2K38373809: [                                                                                                    ] 0%
[2K3968a643: [                                                                                                    ] 0%
[2K8286c018: [                                                                                                    ] 0%
[2K8eb593c6: [                                                                                                    ] 0%
[2K9c38e3b9: [                                                                                                    ] 0%
[2Kabaf3f5f: [                                                                                                    ] 0%
[2Kf781021a: [                                                                                                    ] 0%
[?25h[?25l[9A[2K05eb0657: [####################################################################################################] 100%
[2K2b78f0da: [####################################################################################################] 100%
[2K38373809: [####################################################################################################] 100%
[2K3968a643: [####################################################################################################] 100%
[2K8286c018: [                                                                                                    ] 0%
[2K8eb593c6: [                                                                                                    ] 0%
[2K9c38e3b9: [                                                                                                    ] 0%
[2Kabaf3f5f: [                                                                                                    ] 0%
[2Kf781021a: [                                                                                                    ] 0%
[?25h[?25l[9A[2K05eb0657: [####################################################################################################] 100%
[2K2b78f0da: [####################################################################################################] 100%
[2K38373809: [####################################################################################################] 100%
[2K3968a643: [####################################################################################################] 100%
[2K8286c018: [####################################################################################################] 100%
[2K8eb593c6: [####################################################################################################] 100%
[2K9c38e3b9: [                                                                                                    ] 0%
[2Kabaf3f5f: [                                                                                                    ] 0%
[2Kf781021a: [                                                                                                    ] 0%
[?25h[?25l[9A[2K05eb0657: [####################################################################################################] 100%
[2K2b78f0da: [####################################################################################################] 100%
[2K38373809: [####################################################################################################] 100%
[2K3968a643: [####################################################################################################] 100%
[2K8286c018: [####################################################################################################] 100%
[2K8eb593c6: [####################################################################################################] 100%
[2K9c38e3b9: [####################################################################################################] 100%
[2Kabaf3f5f: [####################################################################################################] 100%
[2Kf781021a: [                                                                                                    ] 0%
[?25h[?25l[9A[2K05eb0657: [####################################################################################################] 100%
[2K2b78f0da: [####################################################################################################] 100%
[2K38373809: [####################################################################################################] 100%
[2K3968a643: [####################################################################################################] 100%
[2K8286c018: [####################################################################################################] 100%
[2K8eb593c6: [####################################################################################################] 100%
[2K9c38e3b9: [####################################################################################################] 100%
[2Kabaf3f5f: [####################################################################################################] 100%
[2Kf781021a: [####################################################################################################] 100%
[?25h
uploaded:  registry.lazycat.cloud/ety001/chaitin/panda-wiki-minio:4a3dde8fccd3b2a9

8. 同步 nats 镜像...
Waiting ... ( copy chaitin-registry.cn-hangzhou.cr.aliyuncs.com/chaitin/panda-wiki-nats:2.11.3-alpine (amd64) to lazycat offical registry)
uploading
[?25l[?25h[?25l[2K5fc5b85c: [####################################################################################################] 100%
[2K5fe44b06: [                                                                                                    ] 0%
[2K7b37c958: [                                                                                                    ] 0%
[2Kaba5d024: [                                                                                                    ] 0%
[2Kf1823217: [                                                                                                    ] 0%
[?25h[?25l[5A[2K5fc5b85c: [####################################################################################################] 100%
[2K5fe44b06: [####################################################################################################] 100%
[2K7b37c958: [####################################################################################################] 100%
[2Kaba5d024: [####################################################################################################] 100%
[2Kf1823217: [                                                                                                    ] 0%
[?25h[?25l[5A[2K5fc5b85c: [####################################################################################################] 100%
[2K5fe44b06: [####################################################################################################] 100%
[2K7b37c958: [####################################################################################################] 100%
[2Kaba5d024: [####################################################################################################] 100%
[2Kf1823217: [####################################################################################################] 100%
[?25h
uploaded:  registry.lazycat.cloud/ety001/chaitin/panda-wiki-nats:fba4e6e6b3fbeee8

9. 同步 qdrant 镜像...
Waiting ... ( copy chaitin-registry.cn-hangzhou.cr.aliyuncs.com/chaitin/panda-wiki-qdrant:v1.14.1 (amd64) to lazycat offical registry)
uploading
[?25l[?25h[?25l[2K119903d1: [####################################################################################################] 100%
[2K182cf741: [                                                                                                    ] 0%
[2K20ccf4c5: [                                                                                                    ] 0%
[2K2c796c27: [                                                                                                    ] 0%
[2K38d2df23: [                                                                                                    ] 0%
[2K4f4fb700: [                                                                                                    ] 0%
[2K61320b01: [                                                                                                    ] 0%
[2Kdb48f6d6: [                                                                                                    ] 0%
[?25h[?25l[8A[2K119903d1: [####################################################################################################] 100%
[2K182cf741: [####################################################################################################] 100%
[2K20ccf4c5: [####################################################################################################] 100%
[2K2c796c27: [####################################################################################################] 100%
[2K38d2df23: [                                                                                                    ] 0%
[2K4f4fb700: [                                                                                                    ] 0%
[2K61320b01: [                                                                                                    ] 0%
[2Kdb48f6d6: [                                                                                                    ] 0%
[?25h[?25l[8A[2K119903d1: [####################################################################################################] 100%
[2K182cf741: [####################################################################################################] 100%
[2K20ccf4c5: [####################################################################################################] 100%
[2K2c796c27: [####################################################################################################] 100%
[2K38d2df23: [####################################################################################################] 100%
[2K4f4fb700: [####################################################################################################] 100%
[2K61320b01: [                                                                                                    ] 0%
[2Kdb48f6d6: [                                                                                                    ] 0%
[?25h[?25l[8A[2K119903d1: [####################################################################################################] 100%
[2K182cf741: [####################################################################################################] 100%
[2K20ccf4c5: [####################################################################################################] 100%
[2K2c796c27: [####################################################################################################] 100%
[2K38d2df23: [####################################################################################################] 100%
[2K4f4fb700: [####################################################################################################] 100%
[2K61320b01: [                                                                                                    ] 0%
[2Kdb48f6d6: [                                                                                                    ] 0%
[?25h[?25l[8A[2K119903d1: [####################################################################################################] 100%
[2K182cf741: [####################################################################################################] 100%
[2K20ccf4c5: [####################################################################################################] 100%
[2K2c796c27: [####################################################################################################] 100%
[2K38d2df23: [####################################################################################################] 100%
[2K4f4fb700: [####################################################################################################] 100%
[2K61320b01: [                                                                                                    ] 0%
[2Kdb48f6d6: [                                                                                                    ] 0%
[?25h[?25l[8A[2K119903d1: [####################################################################################################] 100%
[2K182cf741: [####################################################################################################] 100%
[2K20ccf4c5: [####################################################################################################] 100%
[2K2c796c27: [####################################################################################################] 100%
[2K38d2df23: [####################################################################################################] 100%
[2K4f4fb700: [####################################################################################################] 100%
[2K61320b01: [####################################################################################################] 100%
[2Kdb48f6d6: [####################################################################################################] 100%
[?25h[?25l[8A[2K119903d1: [####################################################################################################] 100%
[2K182cf741: [####################################################################################################] 100%
[2K20ccf4c5: [####################################################################################################] 100%
[2K2c796c27: [####################################################################################################] 100%
[2K38d2df23: [####################################################################################################] 100%
[2K4f4fb700: [####################################################################################################] 100%
[2K61320b01: [####################################################################################################] 100%
[2Kdb48f6d6: [####################################################################################################] 100%
[?25h
uploaded:  registry.lazycat.cloud/ety001/chaitin/panda-wiki-qdrant:8549fe80d759d8b9

10. 同步 anydoc (crawler) 镜像...
Waiting ... ( copy chaitin-registry.cn-hangzhou.cr.aliyuncs.com/chaitin/anydoc:v0.6.11 (amd64) to lazycat offical registry)
uploading
[?25l[?25h[?25l[2K14bd5448: [####################################################################################################] 100%
[2K1a204cba: [                                                                                                    ] 0%
[2K1f033f6e: [                                                                                                    ] 0%
[2K1fe42b0a: [                                                                                                    ] 0%
[2K273839f2: [                                                                                                    ] 0%
[2K63c1c7b8: [                                                                                                    ] 0%
[2K677c4966: [                                                                                                    ] 0%
[2K6c52b941: [                                                                                                    ] 0%
[2K9c9de620: [                                                                                                    ] 0%
[2Ka3602327: [                                                                                                    ] 0%
[2Kdfd184d1: [                                                                                                    ] 0%
[?25h[?25l[11A[2K14bd5448: [####################################################################################################] 100%
[2K1a204cba: [####################################################################################################] 100%
[2K1f033f6e: [####################################################################################################] 100%
[2K1fe42b0a: [####################################################################################################] 100%
[2K273839f2: [                                                                                                    ] 0%
[2K63c1c7b8: [                                                                                                    ] 0%
[2K677c4966: [                                                                                                    ] 0%
[2K6c52b941: [                                                                                                    ] 0%
[2K9c9de620: [                                                                                                    ] 0%
[2Ka3602327: [                                                                                                    ] 0%
[2Kdfd184d1: [                                                                                                    ] 0%
[?25h[?25l[11A[2K14bd5448: [####################################################################################################] 100%
[2K1a204cba: [####################################################################################################] 100%
[2K1f033f6e: [####################################################################################################] 100%
[2K1fe42b0a: [####################################################################################################] 100%
[2K273839f2: [####################################################################################################] 100%
[2K63c1c7b8: [####################################################################################################] 100%
[2K677c4966: [                                                                                                    ] 0%
[2K6c52b941: [                                                                                                    ] 0%
[2K9c9de620: [                                                                                                    ] 0%
[2Ka3602327: [                                                                                                    ] 0%
[2Kdfd184d1: [                                                                                                    ] 0%
[?25h[?25l[11A[2K14bd5448: [####################################################################################################] 100%
[2K1a204cba: [####################################################################################################] 100%
[2K1f033f6e: [####################################################################################################] 100%
[2K1fe42b0a: [####################################################################################################] 100%
[2K273839f2: [####################################################################################################] 100%
[2K63c1c7b8: [####################################################################################################] 100%
[2K677c4966: [####################################################################################################] 100%
[2K6c52b941: [####################################################################################################] 100%
[2K9c9de620: [                                                                                                    ] 0%
[2Ka3602327: [                                                                                                    ] 0%
[2Kdfd184d1: [                                                                                                    ] 0%
[?25h[?25l[11A[2K14bd5448: [####################################################################################################] 100%
[2K1a204cba: [####################################################################################################] 100%
[2K1f033f6e: [####################################################################################################] 100%
[2K1fe42b0a: [####################################################################################################] 100%
[2K273839f2: [####################################################################################################] 100%
[2K63c1c7b8: [####################################################################################################] 100%
[2K677c4966: [####################################################################################################] 100%
[2K6c52b941: [####################################################################################################] 100%
[2K9c9de620: [####################################################################################################] 100%
[2Ka3602327: [####################################################################################################] 100%
[2Kdfd184d1: [####################################################################################################] 100%
[?25h[?25l[11A[2K14bd5448: [####################################################################################################] 100%
[2K1a204cba: [####################################################################################################] 100%
[2K1f033f6e: [####################################################################################################] 100%
[2K1fe42b0a: [####################################################################################################] 100%
[2K273839f2: [####################################################################################################] 100%
[2K63c1c7b8: [####################################################################################################] 100%
[2K677c4966: [####################################################################################################] 100%
[2K6c52b941: [####################################################################################################] 100%
[2K9c9de620: [####################################################################################################] 100%
[2Ka3602327: [####################################################################################################] 100%
[2Kdfd184d1: [####################################################################################################] 100%
[?25h
uploaded:  registry.lazycat.cloud/ety001/chaitin/anydoc:20d56468ab2604e1

11. 同步 raglite 镜像...
Waiting ... ( copy chaitin-registry.cn-hangzhou.cr.aliyuncs.com/chaitin/panda-wiki-raglite:1-4-1 (amd64) to lazycat offical registry)
uploading
[?25l[?25h[?25l[2K44cb8454: [                                                                                                    ] 0%
[2K45d24360: [                                                                                                    ] 0%
[2K46c1e698: [                                                                                                    ] 0%
[2K4f4fb700: [                                                                                                    ] 0%
[2K72e438ea: [                                                                                                    ] 0%
[2Kedcd7c7b: [                                                                                                    ] 0%
[2Kf0b75f82: [                                                                                                    ] 0%
[2Kf637881d: [                                                                                                    ] 0%
[?25h[?25l[8A[2K44cb8454: [####################################################################################################] 100%
[2K45d24360: [####################################################################################################] 100%
[2K46c1e698: [                                                                                                    ] 0%
[2K4f4fb700: [                                                                                                    ] 0%
[2K72e438ea: [                                                                                                    ] 0%
[2Kedcd7c7b: [                                                                                                    ] 0%
[2Kf0b75f82: [                                                                                                    ] 0%
[2Kf637881d: [                                                                                                    ] 0%
[?25h[?25l[8A[2K44cb8454: [####################################################################################################] 100%
[2K45d24360: [####################################################################################################] 100%
[2K46c1e698: [####################################################################################################] 100%
[2K4f4fb700: [####################################################################################################] 100%
[2K72e438ea: [####################################################################################################] 100%
[2Kedcd7c7b: [                                                                                                    ] 0%
[2Kf0b75f82: [                                                                                                    ] 0%
[2Kf637881d: [                                                                                                    ] 0%
[?25h[?25l[8A[2K44cb8454: [####################################################################################################] 100%
[2K45d24360: [####################################################################################################] 100%
[2K46c1e698: [####################################################################################################] 100%
[2K4f4fb700: [####################################################################################################] 100%
[2K72e438ea: [####################################################################################################] 100%
[2Kedcd7c7b: [####################################################################################################] 100%
[2Kf0b75f82: [####################################################################################################] 100%
[2Kf637881d: [                                                                                                    ] 0%
[?25h[?25l[8A[2K44cb8454: [####################################################################################################] 100%
[2K45d24360: [####################################################################################################] 100%
[2K46c1e698: [####################################################################################################] 100%
[2K4f4fb700: [####################################################################################################] 100%
[2K72e438ea: [####################################################################################################] 100%
[2Kedcd7c7b: [####################################################################################################] 100%
[2Kf0b75f82: [####################################################################################################] 100%
[2Kf637881d: [####################################################################################################] 100%
[?25h
uploaded:  registry.lazycat.cloud/ety001/chaitin/panda-wiki-raglite:673ed515c4240ebe

完成时间: Thu Nov 27 02:24:48 AM CST 2025
=== 镜像同步完成 ===
